2025-09-13 14:25:33,619 - INFO - Scheduled jobs:
2025-09-13 14:25:33,619 - INFO - - Daily forecast: 06:00 every day
2025-09-13 14:25:33,620 - INFO - - Weekly retraining: 02:00 every Sunday
2025-09-13 14:26:35,304 - INFO - Scheduler stopped by user
2025-09-13 14:27:51,976 - INFO - ============================================================
2025-09-13 14:27:51,976 - INFO - Updating data from NASA POWER API...
2025-09-13 14:27:53,934 - INFO - Data loaded: 5027 records
2025-09-13 14:27:53,935 - INFO - Date range: 2011-12-07 to 2025-09-10
2025-09-13 14:27:53,993 - WARNING - From E:\quangtm\AS_IT\Projects\AS_product_project\AS_student_project\NguyenDucAnh_2k8_Dubaothongso_2025\lstm_forecast\.venv\lib\site-packages\keras\src\backend.py:1398: The name tf.executing_eagerly_outside_functions is deprecated. Please use tf.compat.v1.executing_eagerly_outside_functions instead.

2025-09-13 14:27:54,121 - INFO - Making 1-day forecast...
2025-09-13 14:27:54,371 - INFO -    QV2M: 17.6149
2025-09-13 14:27:54,371 - INFO -    GWETROOT: 1.7213
2025-09-13 14:30:25,428 - INFO - Starting daily forecast pipeline
2025-09-13 14:30:25,428 - INFO - ============================================================
2025-09-13 14:30:25,428 - INFO - Updating data from NASA POWER API...
2025-09-13 14:30:27,451 - INFO - [SUCCESS] Data updated successfully
2025-09-13 14:30:27,492 - INFO - Data loaded: 5027 records
2025-09-13 14:30:27,492 - INFO - Date range: 2011-12-07 to 2025-09-10
2025-09-13 14:30:27,681 - INFO - [SUCCESS] Loaded existing model
2025-09-13 14:30:27,682 - INFO - Making 1-day forecast...
2025-09-13 14:30:27,927 - INFO - Forecast for 2025-09-11:
2025-09-13 14:30:27,927 - INFO -    QV2M: 17.6149
2025-09-13 14:30:27,928 - INFO -    GWETROOT: 1.7213
2025-09-13 14:30:27,928 - INFO - [SUCCESS] Daily forecast completed successfully!
2025-09-13 14:33:28,302 - INFO - Starting daily forecast pipeline
2025-09-13 14:33:28,303 - INFO - ============================================================
2025-09-13 14:33:28,303 - INFO - Step 1: Updating data from NASA POWER API...
2025-09-13 14:33:28,303 - INFO - Updating data from NASA POWER API...
2025-09-13 14:33:30,048 - INFO - [SUCCESS] Data updated successfully
2025-09-13 14:33:30,091 - INFO - Data loaded: 5027 records
2025-09-13 14:33:30,091 - INFO - Date range: 2011-12-07 to 2025-09-10
2025-09-13 14:33:30,092 - INFO - Latest data date after update: 2025-09-10
2025-09-13 14:33:30,092 - INFO - Data is now 3 days behind current date
2025-09-13 14:33:30,092 - INFO - Step 2: Loading latest data...
2025-09-13 14:33:30,137 - INFO - Data loaded: 5027 records
2025-09-13 14:33:30,137 - INFO - Date range: 2011-12-07 to 2025-09-10
2025-09-13 14:33:30,137 - INFO - Latest data date: 2025-09-10
2025-09-13 14:33:30,137 - INFO - Current date: 2025-09-13
2025-09-13 14:33:30,137 - INFO - Data is 3 days behind
2025-09-13 14:33:30,137 - WARNING - Data is 3 days old. Consider updating data source.
2025-09-13 14:33:30,138 - INFO - Step 3: Loading or training model...
2025-09-13 14:33:30,321 - INFO - [SUCCESS] Loaded existing model
2025-09-13 14:33:30,321 - INFO - Using existing model
2025-09-13 14:33:30,321 - INFO - Step 4: Making forecast...
2025-09-13 14:33:30,321 - INFO - Making 1-day forecast...
2025-09-13 14:33:30,561 - INFO - Forecast for 2025-09-14:
2025-09-13 14:33:30,561 - INFO -    QV2M: 17.6149
2025-09-13 14:33:30,561 - INFO -    GWETROOT: 1.7213
2025-09-13 14:33:30,562 - INFO - [SUCCESS] Daily forecast completed successfully!
2025-09-13 14:38:21,912 - INFO - Starting daily forecast pipeline
2025-09-13 14:38:21,912 - INFO - ============================================================
2025-09-13 14:38:21,913 - INFO - Step 1: Updating data from NASA POWER API...
2025-09-13 14:38:21,913 - INFO - Updating data from NASA POWER API...
2025-09-13 14:38:24,062 - INFO - [SUCCESS] Data updated successfully
2025-09-13 14:38:24,104 - INFO - Data loaded: 5027 records
2025-09-13 14:38:24,104 - INFO - Date range: 2011-12-07 to 2025-09-10
2025-09-13 14:38:24,105 - INFO - Latest data date after update: 2025-09-10
2025-09-13 14:38:24,105 - INFO - Data is now 3 days behind current date
2025-09-13 14:38:24,105 - INFO - Step 2: Loading latest data...
2025-09-13 14:38:24,149 - INFO - Data loaded: 5027 records
2025-09-13 14:38:24,149 - INFO - Date range: 2011-12-07 to 2025-09-10
2025-09-13 14:38:24,149 - INFO - Latest data date: 2025-09-10
2025-09-13 14:38:24,149 - INFO - Current date: 2025-09-13
2025-09-13 14:38:24,149 - INFO - Data is 3 days behind
2025-09-13 14:38:24,149 - WARNING - Data is 3 days old. Consider updating data source.
2025-09-13 14:38:24,149 - INFO - Step 3: Loading or training model...
2025-09-13 14:38:24,344 - INFO - [SUCCESS] Loaded existing model
2025-09-13 14:38:24,345 - INFO - Using existing model
2025-09-13 14:38:24,345 - INFO - Step 4: Making forecast...
2025-09-13 14:38:24,345 - INFO - Making 1-day forecast...
2025-09-13 14:38:24,590 - INFO - Forecast for 2025-09-14:
2025-09-13 14:38:24,590 - INFO -    QV2M: 17.6149
2025-09-13 14:38:24,590 - INFO -    GWETROOT: 1.7213
2025-09-13 14:38:24,590 - INFO - [SUCCESS] Daily forecast completed successfully!
2025-09-13 14:43:38,749 - INFO - Starting daily forecast pipeline
2025-09-13 14:43:38,749 - INFO - ============================================================
2025-09-13 14:43:38,749 - INFO - Step 1: Updating data from NASA POWER API...
2025-09-13 14:43:38,750 - INFO - Updating data from NASA POWER API...
2025-09-13 14:43:40,533 - INFO - [SUCCESS] Data updated successfully
2025-09-13 14:43:40,575 - INFO - Data loaded: 5027 records
2025-09-13 14:43:40,575 - INFO - Date range: 2011-12-07 to 2025-09-10
2025-09-13 14:43:40,575 - INFO - Latest data date after update: 2025-09-10
2025-09-13 14:43:40,575 - INFO - Data is now 3 days behind current date
2025-09-13 14:43:40,575 - INFO - Step 2: Loading latest data...
2025-09-13 14:43:40,617 - INFO - Data loaded: 5027 records
2025-09-13 14:43:40,617 - INFO - Date range: 2011-12-07 to 2025-09-10
2025-09-13 14:43:40,617 - INFO - Latest data date: 2025-09-10
2025-09-13 14:43:40,617 - INFO - Current date: 2025-09-13
2025-09-13 14:43:40,617 - INFO - Data is 3 days behind
2025-09-13 14:43:40,617 - WARNING - Data is 3 days old. Consider updating data source.
2025-09-13 14:43:40,617 - INFO - Step 3: Loading or training model...
2025-09-13 14:43:40,809 - INFO - [SUCCESS] Loaded existing model
2025-09-13 14:43:40,809 - INFO - Using existing model
2025-09-13 14:43:40,809 - INFO - Step 4: Making forecast...
2025-09-13 14:43:40,809 - INFO - Making 1-day forecast...
2025-09-13 14:43:41,051 - INFO - Forecast for 2025-09-14:
2025-09-13 14:43:41,051 - INFO -    QV2M: 17.6149
2025-09-13 14:43:41,051 - INFO -    GWETROOT: 1.7213
2025-09-13 14:43:41,051 - INFO - [SUCCESS] Daily forecast completed successfully!
2025-09-13 14:44:27,352 - INFO - Starting daily forecast pipeline
2025-09-13 14:44:27,353 - INFO - ============================================================
2025-09-13 14:44:27,353 - INFO - Step 1: Updating data from NASA POWER API...
2025-09-13 14:44:27,353 - INFO - Updating data from NASA POWER API...
2025-09-13 14:44:27,353 - WARNING - [WARNING] Data update failed, using existing data
2025-09-13 14:44:27,353 - INFO - Step 2: Loading latest data...
2025-09-13 14:44:27,354 - ERROR - [ERROR] Error loading data: No columns to parse from file
2025-09-13 14:49:03,367 - INFO - Starting daily forecast pipeline
2025-09-13 14:49:03,367 - INFO - ============================================================
2025-09-13 14:49:03,367 - INFO - Step 1: Updating data from NASA POWER API...
2025-09-13 14:49:03,367 - INFO - Updating data from NASA POWER API...
2025-09-13 14:49:16,636 - INFO - [SUCCESS] Data updated successfully
2025-09-13 14:49:16,678 - INFO - Data loaded: 5027 records
2025-09-13 14:49:16,678 - INFO - Date range: 2011-12-07 to 2025-09-10
2025-09-13 14:49:16,678 - INFO - Latest data date after update: 2025-09-10
2025-09-13 14:49:16,679 - INFO - Data is now 3 days behind current date
2025-09-13 14:49:16,679 - INFO - Step 2: Loading latest data...
2025-09-13 14:49:16,720 - INFO - Data loaded: 5027 records
2025-09-13 14:49:16,720 - INFO - Date range: 2011-12-07 to 2025-09-10
2025-09-13 14:49:16,720 - INFO - Latest data date: 2025-09-10
2025-09-13 14:49:16,720 - INFO - Current date: 2025-09-13
2025-09-13 14:49:16,721 - INFO - Data is 3 days behind
2025-09-13 14:49:16,721 - WARNING - Data is 3 days old. Consider updating data source.
2025-09-13 14:49:16,721 - INFO - Step 3: Loading or training model...
2025-09-13 14:49:16,916 - INFO - [SUCCESS] Loaded existing model
2025-09-13 14:49:16,916 - INFO - Using existing model
2025-09-13 14:49:16,916 - INFO - Step 4: Making forecast...
2025-09-13 14:49:16,916 - INFO - Making 1-day forecast...
2025-09-13 14:49:17,161 - INFO - Forecast for 2025-09-14:
2025-09-13 14:49:17,161 - INFO -    QV2M: 17.6149
2025-09-13 14:49:17,161 - INFO -    GWETROOT: 1.7213
2025-09-13 14:49:17,162 - INFO - [SUCCESS] Daily forecast completed successfully!
2025-09-13 14:50:48,240 - INFO - Starting daily forecast pipeline
2025-09-13 14:50:48,240 - INFO - ============================================================
2025-09-13 14:50:48,241 - INFO - Step 1: Updating data from NASA POWER API...
2025-09-13 14:50:48,241 - INFO - Updating data from NASA POWER API...
2025-09-13 14:50:48,241 - ERROR - [ERROR] Data update failed - cannot proceed without fresh data
2025-09-13 14:50:48,241 - ERROR - [ERROR] Cannot proceed without fresh data. Pipeline stopped.
2025-09-13 14:53:58,141 - INFO - Starting daily forecast pipeline
2025-09-13 14:53:58,141 - INFO - ============================================================
2025-09-13 14:53:58,141 - INFO - Step 1: Updating data from NASA POWER API...
2025-09-13 14:53:58,141 - INFO - Updating data from NASA POWER API...
2025-09-13 14:54:00,178 - INFO - [SUCCESS] Data updated successfully
2025-09-13 14:54:00,180 - INFO - Data loaded: 8 records
2025-09-13 14:54:00,180 - INFO - Date range: 2025-09-03 to 2025-09-10
2025-09-13 14:54:00,180 - INFO - Latest data date after update: 2025-09-10
2025-09-13 14:54:00,180 - INFO - Data is now 3 days behind current date
2025-09-13 14:54:00,180 - INFO - Step 2: Loading latest data...
2025-09-13 14:54:00,182 - INFO - Data loaded: 8 records
2025-09-13 14:54:00,182 - INFO - Date range: 2025-09-03 to 2025-09-10
2025-09-13 14:54:00,182 - INFO - Latest data date: 2025-09-10
2025-09-13 14:54:00,183 - INFO - Current date: 2025-09-13
2025-09-13 14:54:00,183 - INFO - Data is 3 days behind
2025-09-13 14:54:00,183 - WARNING - Data is 3 days old. Consider updating data source.
2025-09-13 14:54:00,183 - INFO - Step 3: Loading or training model...
2025-09-13 14:54:00,368 - INFO - [SUCCESS] Loaded existing model
2025-09-13 14:54:00,368 - INFO - Using existing model
2025-09-13 14:54:00,368 - INFO - Step 4: Making forecast...
2025-09-13 14:54:00,368 - INFO - Making 1-day forecast...
2025-09-13 14:54:00,370 - ERROR - [ERROR] Error making forecast: Not enough data for forecasting
2025-09-13 14:54:00,370 - ERROR - [ERROR] Daily forecast failed!
2025-09-13 14:55:03,725 - INFO - Starting daily forecast pipeline
2025-09-13 14:55:03,725 - INFO - ============================================================
2025-09-13 14:55:03,725 - INFO - Step 1: Updating data from NASA POWER API...
2025-09-13 14:55:03,725 - INFO - Updating data from NASA POWER API...
2025-09-13 14:55:05,689 - INFO - [SUCCESS] Data updated successfully
2025-09-13 14:55:05,691 - INFO - Data loaded: 8 records
2025-09-13 14:55:05,692 - INFO - Date range: 2025-09-03 to 2025-09-10
2025-09-13 14:55:05,692 - INFO - Latest data date after update: 2025-09-10
2025-09-13 14:55:05,692 - INFO - Data is now 3 days behind current date
2025-09-13 14:55:05,692 - INFO - Step 2: Loading latest data...
2025-09-13 14:55:05,695 - INFO - Data loaded: 8 records
2025-09-13 14:55:05,695 - INFO - Date range: 2025-09-03 to 2025-09-10
2025-09-13 14:55:05,695 - INFO - Latest data date: 2025-09-10
2025-09-13 14:55:05,695 - INFO - Current date: 2025-09-13
2025-09-13 14:55:05,695 - INFO - Data is 3 days behind
2025-09-13 14:55:05,695 - WARNING - Data is 3 days old. Consider updating data source.
2025-09-13 14:55:05,696 - INFO - Step 3: Loading or training model...
2025-09-13 14:55:05,898 - INFO - [SUCCESS] Loaded existing model
2025-09-13 14:55:05,898 - INFO - Using existing model
2025-09-13 14:55:05,898 - INFO - Step 4: Making forecast...
2025-09-13 14:55:05,898 - INFO - Making 1-day forecast...
2025-09-13 14:55:05,901 - ERROR - [ERROR] Error making forecast: Not enough data for forecasting
2025-09-13 14:55:05,901 - ERROR - [ERROR] Daily forecast failed!
2025-09-13 14:55:35,292 - INFO - Starting daily forecast pipeline
2025-09-13 14:55:35,292 - INFO - ============================================================
2025-09-13 14:55:35,292 - INFO - Step 1: Updating data from NASA POWER API...
2025-09-13 14:55:35,292 - INFO - Updating data from NASA POWER API...
2025-09-13 14:55:36,378 - INFO - [SUCCESS] Data updated successfully
2025-09-13 14:55:36,381 - INFO - Data loaded: 28 records
2025-09-13 14:55:36,382 - INFO - Date range: 2025-08-14 to 2025-09-10
2025-09-13 14:55:36,383 - INFO - Latest data date after update: 2025-09-10
2025-09-13 14:55:36,383 - INFO - Data is now 3 days behind current date
2025-09-13 14:55:36,383 - INFO - Step 2: Loading latest data...
2025-09-13 14:55:36,387 - INFO - Data loaded: 28 records
2025-09-13 14:55:36,387 - INFO - Date range: 2025-08-14 to 2025-09-10
2025-09-13 14:55:36,387 - INFO - Latest data date: 2025-09-10
2025-09-13 14:55:36,387 - INFO - Current date: 2025-09-13
2025-09-13 14:55:36,387 - INFO - Data is 3 days behind
2025-09-13 14:55:36,387 - WARNING - Data is 3 days old. Consider updating data source.
2025-09-13 14:55:36,387 - INFO - Step 3: Loading or training model...
2025-09-13 14:55:36,576 - INFO - [SUCCESS] Loaded existing model
2025-09-13 14:55:36,576 - INFO - Using existing model
2025-09-13 14:55:36,577 - INFO - Step 4: Making forecast...
2025-09-13 14:55:36,577 - INFO - Making 1-day forecast...
2025-09-13 14:55:36,580 - ERROR - [ERROR] Error making forecast: Not enough data for forecasting
2025-09-13 14:55:36,580 - ERROR - [ERROR] Daily forecast failed!
2025-09-13 14:55:50,539 - INFO - Starting daily forecast pipeline
2025-09-13 14:55:50,539 - INFO - ============================================================
2025-09-13 14:55:50,539 - INFO - Step 1: Updating data from NASA POWER API...
2025-09-13 14:55:50,539 - INFO - Updating data from NASA POWER API...
2025-09-13 14:56:03,816 - INFO - [SUCCESS] Data updated successfully
2025-09-13 14:56:03,819 - INFO - Data loaded: 28 records
2025-09-13 14:56:03,820 - INFO - Date range: 2025-08-14 to 2025-09-10
2025-09-13 14:56:03,820 - INFO - Latest data date after update: 2025-09-10
2025-09-13 14:56:03,820 - INFO - Data is now 3 days behind current date
2025-09-13 14:56:03,820 - INFO - Step 2: Loading latest data...
2025-09-13 14:56:03,822 - INFO - Data loaded: 28 records
2025-09-13 14:56:03,823 - INFO - Date range: 2025-08-14 to 2025-09-10
2025-09-13 14:56:03,823 - INFO - Latest data date: 2025-09-10
2025-09-13 14:56:03,823 - INFO - Current date: 2025-09-13
2025-09-13 14:56:03,823 - INFO - Data is 3 days behind
2025-09-13 14:56:03,823 - WARNING - Data is 3 days old. Consider updating data source.
2025-09-13 14:56:03,823 - INFO - Step 3: Loading or training model...
2025-09-13 14:56:04,013 - INFO - [SUCCESS] Loaded existing model
2025-09-13 14:56:04,013 - INFO - Using existing model
2025-09-13 14:56:04,013 - INFO - Step 4: Making forecast...
2025-09-13 14:56:04,013 - INFO - Making 1-day forecast...
2025-09-13 14:56:04,087 - ERROR - [ERROR] Error making forecast: in user code:

    File "E:\quangtm\AS_IT\Projects\AS_product_project\AS_student_project\NguyenDucAnh_2k8_Dubaothongso_2025\lstm_forecast\.venv\lib\site-packages\keras\src\engine\training.py", line 2440, in predict_function  *
        return step_function(self, iterator)
    File "E:\quangtm\AS_IT\Projects\AS_product_project\AS_student_project\NguyenDucAnh_2k8_Dubaothongso_2025\lstm_forecast\.venv\lib\site-packages\keras\src\engine\training.py", line 2425, in step_function  **
        outputs = model.distribute_strategy.run(run_step, args=(data,))
    File "E:\quangtm\AS_IT\Projects\AS_product_project\AS_student_project\NguyenDucAnh_2k8_Dubaothongso_2025\lstm_forecast\.venv\lib\site-packages\keras\src\engine\training.py", line 2413, in run_step  **
        outputs = model.predict_step(data)
    File "E:\quangtm\AS_IT\Projects\AS_product_project\AS_student_project\NguyenDucAnh_2k8_Dubaothongso_2025\lstm_forecast\.venv\lib\site-packages\keras\src\engine\training.py", line 2381, in predict_step
        return self(x, training=False)
    File "E:\quangtm\AS_IT\Projects\AS_product_project\AS_student_project\NguyenDucAnh_2k8_Dubaothongso_2025\lstm_forecast\.venv\lib\site-packages\keras\src\utils\traceback_utils.py", line 70, in error_handler
        raise e.with_traceback(filtered_tb) from None
    File "E:\quangtm\AS_IT\Projects\AS_product_project\AS_student_project\NguyenDucAnh_2k8_Dubaothongso_2025\lstm_forecast\.venv\lib\site-packages\keras\src\engine\input_spec.py", line 298, in assert_input_compatibility
        raise ValueError(

    ValueError: Input 0 of layer "sequential" is incompatible with the layer: expected shape=(None, 30, 2), found shape=(None, 20, 2)

2025-09-13 14:56:04,088 - ERROR - [ERROR] Daily forecast failed!
2025-09-13 14:56:09,239 - INFO - Starting weekly retraining...
2025-09-13 14:56:09,239 - INFO - Updating data from NASA POWER API...
2025-09-13 14:56:11,531 - INFO - [SUCCESS] Data updated successfully
2025-09-13 14:56:11,538 - INFO - Data loaded: 28 records
2025-09-13 14:56:11,538 - INFO - Date range: 2025-08-14 to 2025-09-10
2025-09-13 14:56:11,538 - INFO - Latest data date after update: 2025-09-10
2025-09-13 14:56:11,539 - INFO - Data is now 3 days behind current date
2025-09-13 14:56:11,541 - INFO - Data loaded: 28 records
2025-09-13 14:56:11,541 - INFO - Date range: 2025-08-14 to 2025-09-10
2025-09-13 14:56:11,541 - INFO - Training LSTM model...
2025-09-13 14:56:13,292 - INFO - Model performance - RMSE: 0.1945, MAE: 0.1945
2025-09-13 14:56:13,302 - INFO - [SUCCESS] Model trained and saved successfully
2025-09-13 14:56:13,302 - INFO - [SUCCESS] Weekly retraining completed
2025-09-13 14:56:18,307 - INFO - Starting daily forecast pipeline
2025-09-13 14:56:18,307 - INFO - ============================================================
2025-09-13 14:56:18,307 - INFO - Step 1: Updating data from NASA POWER API...
2025-09-13 14:56:18,307 - INFO - Updating data from NASA POWER API...
2025-09-13 14:56:19,914 - INFO - [SUCCESS] Data updated successfully
2025-09-13 14:56:19,916 - INFO - Data loaded: 28 records
2025-09-13 14:56:19,917 - INFO - Date range: 2025-08-14 to 2025-09-10
2025-09-13 14:56:19,917 - INFO - Latest data date after update: 2025-09-10
2025-09-13 14:56:19,917 - INFO - Data is now 3 days behind current date
2025-09-13 14:56:19,917 - INFO - Step 2: Loading latest data...
2025-09-13 14:56:19,919 - INFO - Data loaded: 28 records
2025-09-13 14:56:19,919 - INFO - Date range: 2025-08-14 to 2025-09-10
2025-09-13 14:56:19,919 - INFO - Latest data date: 2025-09-10
2025-09-13 14:56:19,919 - INFO - Current date: 2025-09-13
2025-09-13 14:56:19,919 - INFO - Data is 3 days behind
2025-09-13 14:56:19,919 - WARNING - Data is 3 days old. Consider updating data source.
2025-09-13 14:56:19,919 - INFO - Step 3: Loading or training model...
2025-09-13 14:56:20,108 - INFO - [SUCCESS] Loaded existing model
2025-09-13 14:56:20,108 - INFO - Using existing model
2025-09-13 14:56:20,108 - INFO - Step 4: Making forecast...
2025-09-13 14:56:20,108 - INFO - Making 1-day forecast...
2025-09-13 14:56:20,309 - INFO - Forecast for 2025-09-14:
2025-09-13 14:56:20,309 - INFO -    QV2M: 20.7696
2025-09-13 14:56:20,310 - INFO -    GWETROOT: 0.8860
2025-09-13 14:56:20,310 - INFO - [SUCCESS] Daily forecast completed successfully!
2025-09-13 14:58:08,758 - INFO - Starting daily forecast pipeline
2025-09-13 14:58:08,758 - INFO - ============================================================
2025-09-13 14:58:08,758 - INFO - Step 1: Updating data from NASA POWER API...
2025-09-13 14:58:08,759 - INFO - Updating data from NASA POWER API...
2025-09-13 14:58:21,974 - INFO - [SUCCESS] Data updated successfully
2025-09-13 14:58:21,977 - INFO - Data loaded: 28 records
2025-09-13 14:58:21,977 - INFO - Date range: 2025-08-14 to 2025-09-10
2025-09-13 14:58:21,977 - INFO - Latest data date after update: 2025-09-10
2025-09-13 14:58:21,977 - INFO - Data is now 3 days behind current date
2025-09-13 14:58:21,977 - INFO - Step 2: Loading latest data...
2025-09-13 14:58:21,980 - INFO - Data loaded: 28 records
2025-09-13 14:58:21,980 - INFO - Date range: 2025-08-14 to 2025-09-10
2025-09-13 14:58:21,980 - INFO - Latest data date: 2025-09-10
2025-09-13 14:58:21,980 - INFO - Current date: 2025-09-13
2025-09-13 14:58:21,980 - INFO - Data is 3 days behind
2025-09-13 14:58:21,980 - WARNING - Data is 3 days old. Consider updating data source.
2025-09-13 14:58:21,980 - INFO - Step 3: Loading or training model...
2025-09-13 14:58:22,171 - INFO - [SUCCESS] Loaded existing model
2025-09-13 14:58:22,172 - INFO - Using existing model
2025-09-13 14:58:22,172 - INFO - Step 4: Making forecast...
2025-09-13 14:58:22,172 - INFO - Making 1-day forecast...
2025-09-13 14:58:22,374 - INFO - Forecast for 2025-09-14:
2025-09-13 14:58:22,374 - INFO -    QV2M: 20.7696
2025-09-13 14:58:22,374 - INFO -    GWETROOT: 0.8860
2025-09-13 14:58:22,375 - INFO - [SUCCESS] Daily forecast completed successfully!
2025-09-13 14:58:51,282 - INFO - Starting daily forecast pipeline
2025-09-13 14:58:51,282 - INFO - ============================================================
2025-09-13 14:58:51,282 - INFO - Step 1: Updating data from NASA POWER API...
2025-09-13 14:58:51,282 - INFO - Updating data from NASA POWER API...
2025-09-13 14:58:52,895 - INFO - [SUCCESS] Data updated successfully
2025-09-13 14:58:52,936 - INFO - Data loaded: 5027 records
2025-09-13 14:58:52,937 - INFO - Date range: 2011-12-07 to 2025-09-10
2025-09-13 14:58:52,937 - INFO - Latest data date after update: 2025-09-10
2025-09-13 14:58:52,937 - INFO - Data is now 3 days behind current date
2025-09-13 14:58:52,937 - INFO - Step 2: Loading latest data...
2025-09-13 14:58:52,980 - INFO - Data loaded: 5027 records
2025-09-13 14:58:52,980 - INFO - Date range: 2011-12-07 to 2025-09-10
2025-09-13 14:58:52,980 - INFO - Latest data date: 2025-09-10
2025-09-13 14:58:52,980 - INFO - Current date: 2025-09-13
2025-09-13 14:58:52,980 - INFO - Data is 3 days behind
2025-09-13 14:58:52,981 - WARNING - Data is 3 days old. Consider updating data source.
2025-09-13 14:58:52,981 - INFO - Step 3: Loading or training model...
2025-09-13 14:58:53,169 - INFO - [SUCCESS] Loaded existing model
2025-09-13 14:58:53,169 - INFO - Using existing model
2025-09-13 14:58:53,169 - INFO - Step 4: Making forecast...
2025-09-13 14:58:53,169 - INFO - Making 1-day forecast...
2025-09-13 14:58:53,412 - INFO - Forecast for 2025-09-14:
2025-09-13 14:58:53,412 - INFO -    QV2M: 20.7696
2025-09-13 14:58:53,413 - INFO -    GWETROOT: 0.8860
2025-09-13 14:58:53,413 - INFO - [SUCCESS] Daily forecast completed successfully!
2025-09-13 14:59:21,707 - INFO - Starting daily forecast pipeline
2025-09-13 14:59:21,707 - INFO - ============================================================
2025-09-13 14:59:21,707 - INFO - Step 1: Updating data from NASA POWER API...
2025-09-13 14:59:21,708 - INFO - Updating data from NASA POWER API...
2025-09-13 14:59:23,861 - INFO - [SUCCESS] Data updated successfully
2025-09-13 14:59:23,903 - INFO - Data loaded: 5027 records
2025-09-13 14:59:23,903 - INFO - Date range: 2011-12-07 to 2025-09-10
2025-09-13 14:59:23,903 - INFO - Latest data date after update: 2025-09-10
2025-09-13 14:59:23,904 - INFO - Data is now 3 days behind current date
2025-09-13 14:59:23,904 - INFO - Step 2: Loading latest data...
2025-09-13 14:59:23,946 - INFO - Data loaded: 5027 records
2025-09-13 14:59:23,946 - INFO - Date range: 2011-12-07 to 2025-09-10
2025-09-13 14:59:23,946 - INFO - Latest data date: 2025-09-10
2025-09-13 14:59:23,946 - INFO - Current date: 2025-09-13
2025-09-13 14:59:23,946 - INFO - Data is 3 days behind
2025-09-13 14:59:23,946 - WARNING - Data is 3 days old. Consider updating data source.
2025-09-13 14:59:23,946 - INFO - Step 3: Loading or training model...
2025-09-13 14:59:24,138 - INFO - [SUCCESS] Loaded existing model
2025-09-13 14:59:24,138 - INFO - Using existing model
2025-09-13 14:59:24,138 - INFO - Step 4: Making forecast...
2025-09-13 14:59:24,138 - INFO - Making 1-day forecast...
2025-09-13 14:59:24,233 - ERROR - [ERROR] Error making forecast: in user code:

    File "E:\quangtm\AS_IT\Projects\AS_product_project\AS_student_project\NguyenDucAnh_2k8_Dubaothongso_2025\lstm_forecast\.venv\lib\site-packages\keras\src\engine\training.py", line 2440, in predict_function  *
        return step_function(self, iterator)
    File "E:\quangtm\AS_IT\Projects\AS_product_project\AS_student_project\NguyenDucAnh_2k8_Dubaothongso_2025\lstm_forecast\.venv\lib\site-packages\keras\src\engine\training.py", line 2425, in step_function  **
        outputs = model.distribute_strategy.run(run_step, args=(data,))
    File "E:\quangtm\AS_IT\Projects\AS_product_project\AS_student_project\NguyenDucAnh_2k8_Dubaothongso_2025\lstm_forecast\.venv\lib\site-packages\keras\src\engine\training.py", line 2413, in run_step  **
        outputs = model.predict_step(data)
    File "E:\quangtm\AS_IT\Projects\AS_product_project\AS_student_project\NguyenDucAnh_2k8_Dubaothongso_2025\lstm_forecast\.venv\lib\site-packages\keras\src\engine\training.py", line 2381, in predict_step
        return self(x, training=False)
    File "E:\quangtm\AS_IT\Projects\AS_product_project\AS_student_project\NguyenDucAnh_2k8_Dubaothongso_2025\lstm_forecast\.venv\lib\site-packages\keras\src\utils\traceback_utils.py", line 70, in error_handler
        raise e.with_traceback(filtered_tb) from None
    File "E:\quangtm\AS_IT\Projects\AS_product_project\AS_student_project\NguyenDucAnh_2k8_Dubaothongso_2025\lstm_forecast\.venv\lib\site-packages\keras\src\engine\input_spec.py", line 298, in assert_input_compatibility
        raise ValueError(

    ValueError: Input 0 of layer "sequential" is incompatible with the layer: expected shape=(None, 20, 2), found shape=(None, 30, 2)

2025-09-13 14:59:24,233 - ERROR - [ERROR] Daily forecast failed!
2025-09-13 15:04:25,703 - INFO - Starting daily forecast pipeline
2025-09-13 15:04:25,703 - INFO - ============================================================
2025-09-13 15:04:25,703 - INFO - Step 1: Updating data from NASA POWER API...
2025-09-13 15:04:25,703 - INFO - Updating data from NASA POWER API...
2025-09-13 15:04:38,450 - INFO - [SUCCESS] Data updated successfully
2025-09-13 15:04:38,492 - INFO - Data loaded: 5027 records
2025-09-13 15:04:38,492 - INFO - Date range: 2011-12-07 to 2025-09-10
2025-09-13 15:04:38,493 - INFO - Latest data date after update: 2025-09-10
2025-09-13 15:04:38,493 - INFO - Data is now 3 days behind current date
2025-09-13 15:04:38,493 - INFO - Step 2: Loading latest data...
2025-09-13 15:04:38,535 - INFO - Data loaded: 5027 records
2025-09-13 15:04:38,536 - INFO - Date range: 2011-12-07 to 2025-09-10
2025-09-13 15:04:38,536 - INFO - Latest data date: 2025-09-10
2025-09-13 15:04:38,536 - INFO - Current date: 2025-09-13
2025-09-13 15:04:38,536 - INFO - Data is 3 days behind
2025-09-13 15:04:38,536 - WARNING - Data is 3 days old. Consider updating data source.
2025-09-13 15:04:38,536 - INFO - Step 3: Loading or training model...
2025-09-13 15:04:38,727 - INFO - [SUCCESS] Loaded existing model
2025-09-13 15:04:38,728 - INFO - Using existing model
2025-09-13 15:04:38,728 - INFO - Step 4: Making forecast...
2025-09-13 15:04:38,728 - INFO - Making 1-day forecast...
2025-09-13 15:04:38,825 - ERROR - [ERROR] Error making forecast: in user code:

    File "E:\quangtm\AS_IT\Projects\AS_product_project\AS_student_project\NguyenDucAnh_2k8_Dubaothongso_2025\lstm_forecast\.venv\lib\site-packages\keras\src\engine\training.py", line 2440, in predict_function  *
        return step_function(self, iterator)
    File "E:\quangtm\AS_IT\Projects\AS_product_project\AS_student_project\NguyenDucAnh_2k8_Dubaothongso_2025\lstm_forecast\.venv\lib\site-packages\keras\src\engine\training.py", line 2425, in step_function  **
        outputs = model.distribute_strategy.run(run_step, args=(data,))
    File "E:\quangtm\AS_IT\Projects\AS_product_project\AS_student_project\NguyenDucAnh_2k8_Dubaothongso_2025\lstm_forecast\.venv\lib\site-packages\keras\src\engine\training.py", line 2413, in run_step  **
        outputs = model.predict_step(data)
    File "E:\quangtm\AS_IT\Projects\AS_product_project\AS_student_project\NguyenDucAnh_2k8_Dubaothongso_2025\lstm_forecast\.venv\lib\site-packages\keras\src\engine\training.py", line 2381, in predict_step
        return self(x, training=False)
    File "E:\quangtm\AS_IT\Projects\AS_product_project\AS_student_project\NguyenDucAnh_2k8_Dubaothongso_2025\lstm_forecast\.venv\lib\site-packages\keras\src\utils\traceback_utils.py", line 70, in error_handler
        raise e.with_traceback(filtered_tb) from None
    File "E:\quangtm\AS_IT\Projects\AS_product_project\AS_student_project\NguyenDucAnh_2k8_Dubaothongso_2025\lstm_forecast\.venv\lib\site-packages\keras\src\engine\input_spec.py", line 298, in assert_input_compatibility
        raise ValueError(

    ValueError: Input 0 of layer "sequential" is incompatible with the layer: expected shape=(None, 20, 2), found shape=(None, 2020, 2)

2025-09-13 15:04:38,825 - ERROR - [ERROR] Daily forecast failed!
2025-09-13 15:27:07,753 - INFO - Starting daily forecast pipeline
2025-09-13 15:27:07,753 - INFO - ============================================================
2025-09-13 15:27:07,753 - INFO - Step 1: Updating data from NASA POWER API...
2025-09-13 15:27:07,753 - INFO - Updating data from NASA POWER API...
2025-09-13 15:27:20,739 - INFO - [SUCCESS] Data updated successfully
2025-09-13 15:27:20,782 - INFO - Data loaded: 5027 records
2025-09-13 15:27:20,782 - INFO - Date range: 2011-12-07 to 2025-09-10
2025-09-13 15:27:20,783 - INFO - Latest data date after update: 2025-09-10
2025-09-13 15:27:20,783 - INFO - Data is now 3 days behind current date
2025-09-13 15:27:20,783 - INFO - Step 2: Loading latest data...
2025-09-13 15:27:20,826 - INFO - Data loaded: 5027 records
2025-09-13 15:27:20,826 - INFO - Date range: 2011-12-07 to 2025-09-10
2025-09-13 15:27:20,826 - INFO - Latest data date: 2025-09-10
2025-09-13 15:27:20,826 - INFO - Current date: 2025-09-13
2025-09-13 15:27:20,826 - INFO - Data is 3 days behind
2025-09-13 15:27:20,826 - WARNING - Data is 3 days old. Consider updating data source.
2025-09-13 15:27:20,826 - INFO - Step 3: Loading or training model...
2025-09-13 15:27:21,015 - INFO - [SUCCESS] Loaded existing model
2025-09-13 15:27:21,015 - INFO - Using existing model
2025-09-13 15:27:21,016 - INFO - Step 4: Making forecast...
2025-09-13 15:27:21,016 - INFO - Making 1-day forecast...
2025-09-13 15:27:21,111 - ERROR - [ERROR] Error making forecast: in user code:

    File "E:\quangtm\AS_IT\Projects\AS_product_project\AS_student_project\NguyenDucAnh_2k8_Dubaothongso_2025\lstm_forecast\.venv\lib\site-packages\keras\src\engine\training.py", line 2440, in predict_function  *
        return step_function(self, iterator)
    File "E:\quangtm\AS_IT\Projects\AS_product_project\AS_student_project\NguyenDucAnh_2k8_Dubaothongso_2025\lstm_forecast\.venv\lib\site-packages\keras\src\engine\training.py", line 2425, in step_function  **
        outputs = model.distribute_strategy.run(run_step, args=(data,))
    File "E:\quangtm\AS_IT\Projects\AS_product_project\AS_student_project\NguyenDucAnh_2k8_Dubaothongso_2025\lstm_forecast\.venv\lib\site-packages\keras\src\engine\training.py", line 2413, in run_step  **
        outputs = model.predict_step(data)
    File "E:\quangtm\AS_IT\Projects\AS_product_project\AS_student_project\NguyenDucAnh_2k8_Dubaothongso_2025\lstm_forecast\.venv\lib\site-packages\keras\src\engine\training.py", line 2381, in predict_step
        return self(x, training=False)
    File "E:\quangtm\AS_IT\Projects\AS_product_project\AS_student_project\NguyenDucAnh_2k8_Dubaothongso_2025\lstm_forecast\.venv\lib\site-packages\keras\src\utils\traceback_utils.py", line 70, in error_handler
        raise e.with_traceback(filtered_tb) from None
    File "E:\quangtm\AS_IT\Projects\AS_product_project\AS_student_project\NguyenDucAnh_2k8_Dubaothongso_2025\lstm_forecast\.venv\lib\site-packages\keras\src\engine\input_spec.py", line 298, in assert_input_compatibility
        raise ValueError(

    ValueError: Input 0 of layer "sequential" is incompatible with the layer: expected shape=(None, 20, 2), found shape=(None, 30, 2)

2025-09-13 15:27:21,111 - ERROR - [ERROR] Daily forecast failed!
2025-09-13 15:28:18,460 - INFO - Starting daily forecast pipeline
2025-09-13 15:28:18,460 - INFO - ============================================================
2025-09-13 15:28:18,460 - INFO - Step 1: Updating data from NASA POWER API...
2025-09-13 15:28:18,460 - INFO - Updating data from NASA POWER API...
2025-09-13 15:28:20,267 - INFO - [SUCCESS] Data updated successfully
2025-09-13 15:28:20,308 - INFO - Data loaded: 5027 records
2025-09-13 15:28:20,309 - INFO - Date range: 2011-12-07 to 2025-09-10
2025-09-13 15:28:20,309 - INFO - Latest data date after update: 2025-09-10
2025-09-13 15:28:20,309 - INFO - Data is now 3 days behind current date
2025-09-13 15:28:20,309 - INFO - Step 2: Loading latest data...
2025-09-13 15:28:20,352 - INFO - Data loaded: 5027 records
2025-09-13 15:28:20,352 - INFO - Date range: 2011-12-07 to 2025-09-10
2025-09-13 15:28:20,352 - INFO - Latest data date: 2025-09-10
2025-09-13 15:28:20,353 - INFO - Current date: 2025-09-13
2025-09-13 15:28:20,353 - INFO - Data is 3 days behind
2025-09-13 15:28:20,353 - WARNING - Data is 3 days old. Consider updating data source.
2025-09-13 15:28:20,353 - INFO - Step 3: Loading or training model...
2025-09-13 15:28:20,541 - INFO - [SUCCESS] Loaded existing model
2025-09-13 15:28:20,541 - INFO - Using existing model
2025-09-13 15:28:20,541 - INFO - Step 4: Making forecast...
2025-09-13 15:28:20,542 - INFO - Making 1-day forecast...
2025-09-13 15:28:20,781 - INFO - Forecast for 2025-09-14:
2025-09-13 15:28:20,781 - INFO -    QV2M: 20.7696
2025-09-13 15:28:20,781 - INFO -    GWETROOT: 0.8860
2025-09-13 15:28:20,781 - INFO - [SUCCESS] Daily forecast completed successfully!
2025-09-13 15:34:44,905 - INFO - Starting daily forecast pipeline
2025-09-13 15:34:44,905 - INFO - ============================================================
2025-09-13 15:34:44,905 - INFO - Step 1: Updating data from NASA POWER API...
2025-09-13 15:34:44,905 - INFO - Updating data from NASA POWER API...
2025-09-13 15:34:58,079 - INFO - [SUCCESS] Data updated successfully
2025-09-13 15:34:58,122 - INFO - Data loaded: 5027 records
2025-09-13 15:34:58,122 - INFO - Date range: 2011-12-07 to 2025-09-10
2025-09-13 15:34:58,122 - INFO - Latest data date after update: 2025-09-10
2025-09-13 15:34:58,122 - INFO - Data is now 3 days behind current date
2025-09-13 15:34:58,123 - INFO - Step 2: Loading latest data...
2025-09-13 15:34:58,165 - INFO - Data loaded: 5027 records
2025-09-13 15:34:58,166 - INFO - Date range: 2011-12-07 to 2025-09-10
2025-09-13 15:34:58,166 - INFO - Latest data date: 2025-09-10
2025-09-13 15:34:58,166 - INFO - Current date: 2025-09-13
2025-09-13 15:34:58,167 - INFO - Data is 3 days behind
2025-09-13 15:34:58,167 - WARNING - Data is 3 days old. Consider updating data source.
2025-09-13 15:34:58,167 - INFO - Step 3: Loading or training model...
2025-09-13 15:34:58,387 - INFO - [SUCCESS] Loaded existing model
2025-09-13 15:34:58,387 - INFO - Using existing model
2025-09-13 15:34:58,387 - INFO - Step 4: Making forecast...
2025-09-13 15:34:58,388 - INFO - Making 1-day forecast...
2025-09-13 15:34:58,627 - INFO - Forecast for 2025-09-14:
2025-09-13 15:34:58,627 - INFO -    QV2M: 20.7696
2025-09-13 15:34:58,628 - INFO -    GWETROOT: 0.8860
2025-09-13 15:34:58,628 - INFO - [SUCCESS] Daily forecast completed successfully!
2025-09-13 15:37:38,941 - INFO - Starting daily forecast pipeline
2025-09-13 15:37:38,941 - INFO - ============================================================
2025-09-13 15:37:38,941 - INFO - Step 1: Updating data from NASA POWER API...
2025-09-13 15:37:38,941 - INFO - Updating data from NASA POWER API...
2025-09-13 15:37:40,773 - INFO - [SUCCESS] Data updated successfully
2025-09-13 15:37:40,816 - INFO - Data loaded: 5027 records
2025-09-13 15:37:40,816 - INFO - Date range: 2011-12-07 to 2025-09-10
2025-09-13 15:37:40,816 - INFO - Latest data date after update: 2025-09-10
2025-09-13 15:37:40,816 - INFO - Data is now 3 days behind current date
2025-09-13 15:37:40,816 - INFO - Step 2: Loading latest data...
2025-09-13 15:37:40,858 - INFO - Data loaded: 5027 records
2025-09-13 15:37:40,858 - INFO - Date range: 2011-12-07 to 2025-09-10
2025-09-13 15:37:40,858 - INFO - Latest data date: 2025-09-10
2025-09-13 15:37:40,858 - INFO - Current date: 2025-09-13
2025-09-13 15:37:40,858 - INFO - Data is 3 days behind
2025-09-13 15:37:40,859 - WARNING - Data is 3 days old. Consider updating data source.
2025-09-13 15:37:40,859 - INFO - Step 3: Loading or training model...
2025-09-13 15:37:41,088 - INFO - [SUCCESS] Loaded existing model
2025-09-13 15:37:41,089 - INFO - Using existing model
2025-09-13 15:37:41,089 - INFO - Step 4: Making forecast...
2025-09-13 15:37:41,089 - INFO - Making 1-day forecast...
2025-09-13 15:37:41,183 - ERROR - [ERROR] Error making forecast: in user code:

    File "E:\quangtm\AS_IT\Projects\AS_product_project\AS_student_project\NguyenDucAnh_2k8_Dubaothongso_2025\lstm_forecast\.venv\lib\site-packages\keras\src\engine\training.py", line 2440, in predict_function  *
        return step_function(self, iterator)
    File "E:\quangtm\AS_IT\Projects\AS_product_project\AS_student_project\NguyenDucAnh_2k8_Dubaothongso_2025\lstm_forecast\.venv\lib\site-packages\keras\src\engine\training.py", line 2425, in step_function  **
        outputs = model.distribute_strategy.run(run_step, args=(data,))
    File "E:\quangtm\AS_IT\Projects\AS_product_project\AS_student_project\NguyenDucAnh_2k8_Dubaothongso_2025\lstm_forecast\.venv\lib\site-packages\keras\src\engine\training.py", line 2413, in run_step  **
        outputs = model.predict_step(data)
    File "E:\quangtm\AS_IT\Projects\AS_product_project\AS_student_project\NguyenDucAnh_2k8_Dubaothongso_2025\lstm_forecast\.venv\lib\site-packages\keras\src\engine\training.py", line 2381, in predict_step
        return self(x, training=False)
    File "E:\quangtm\AS_IT\Projects\AS_product_project\AS_student_project\NguyenDucAnh_2k8_Dubaothongso_2025\lstm_forecast\.venv\lib\site-packages\keras\src\utils\traceback_utils.py", line 70, in error_handler
        raise e.with_traceback(filtered_tb) from None
    File "E:\quangtm\AS_IT\Projects\AS_product_project\AS_student_project\NguyenDucAnh_2k8_Dubaothongso_2025\lstm_forecast\.venv\lib\site-packages\keras\src\engine\input_spec.py", line 298, in assert_input_compatibility
        raise ValueError(

    ValueError: Input 0 of layer "sequential" is incompatible with the layer: expected shape=(None, 20, 2), found shape=(None, 30, 2)

2025-09-13 15:37:41,183 - ERROR - [ERROR] Daily forecast failed!
2025-09-13 15:37:58,037 - INFO - Starting daily forecast pipeline
2025-09-13 15:37:58,037 - INFO - ============================================================
2025-09-13 15:37:58,037 - INFO - Step 1: Updating data from NASA POWER API...
2025-09-13 15:37:58,037 - INFO - Updating data from NASA POWER API...
2025-09-13 15:37:59,942 - INFO - [SUCCESS] Data updated successfully
2025-09-13 15:37:59,983 - INFO - Data loaded: 5027 records
2025-09-13 15:37:59,984 - INFO - Date range: 2011-12-07 to 2025-09-10
2025-09-13 15:37:59,984 - INFO - Latest data date after update: 2025-09-10
2025-09-13 15:37:59,984 - INFO - Data is now 3 days behind current date
2025-09-13 15:37:59,984 - INFO - Step 2: Loading latest data...
2025-09-13 15:38:00,025 - INFO - Data loaded: 5027 records
2025-09-13 15:38:00,026 - INFO - Date range: 2011-12-07 to 2025-09-10
2025-09-13 15:38:00,026 - INFO - Latest data date: 2025-09-10
2025-09-13 15:38:00,026 - INFO - Current date: 2025-09-13
2025-09-13 15:38:00,026 - INFO - Data is 3 days behind
2025-09-13 15:38:00,026 - WARNING - Data is 3 days old. Consider updating data source.
2025-09-13 15:38:00,026 - INFO - Step 3: Loading or training model...
2025-09-13 15:38:00,243 - INFO - [SUCCESS] Loaded existing model
2025-09-13 15:38:00,244 - INFO - Using existing model
2025-09-13 15:38:00,244 - INFO - Step 4: Making forecast...
2025-09-13 15:38:00,244 - INFO - Making 1-day forecast...
2025-09-13 15:38:00,485 - INFO - Forecast for 2025-09-14:
2025-09-13 15:38:00,485 - INFO -    QV2M: 20.7696
2025-09-13 15:38:00,485 - INFO -    GWETROOT: 0.8860
2025-09-13 15:38:00,485 - INFO - [SUCCESS] Daily forecast completed successfully!
2025-09-13 15:39:04,655 - INFO - Starting daily forecast pipeline
2025-09-13 15:39:04,655 - INFO - ============================================================
2025-09-13 15:39:04,655 - INFO - Step 1: Updating data from NASA POWER API...
2025-09-13 15:39:04,655 - INFO - Updating data from NASA POWER API...
2025-09-13 15:39:06,222 - INFO - [SUCCESS] Data updated successfully
2025-09-13 15:39:06,263 - INFO - Data loaded: 5027 records
2025-09-13 15:39:06,263 - INFO - Date range: 2011-12-07 to 2025-09-10
2025-09-13 15:39:06,263 - INFO - Latest data date after update: 2025-09-10
2025-09-13 15:39:06,263 - INFO - Data is now 3 days behind current date
2025-09-13 15:39:06,264 - INFO - Step 2: Loading latest data...
2025-09-13 15:39:06,305 - INFO - Data loaded: 5027 records
2025-09-13 15:39:06,305 - INFO - Date range: 2011-12-07 to 2025-09-10
2025-09-13 15:39:06,305 - INFO - Latest data date: 2025-09-10
2025-09-13 15:39:06,305 - INFO - Current date: 2025-09-13
2025-09-13 15:39:06,305 - INFO - Data is 3 days behind
2025-09-13 15:39:06,305 - WARNING - Data is 3 days old. Consider updating data source.
2025-09-13 15:39:06,305 - INFO - Step 3: Loading or training model...
2025-09-13 15:39:06,526 - INFO - [SUCCESS] Loaded existing model
2025-09-13 15:39:06,526 - INFO - Using existing model
2025-09-13 15:39:06,526 - INFO - Step 4: Making forecast...
2025-09-13 15:39:06,527 - INFO - Making 1-day forecast...
2025-09-13 15:39:06,801 - INFO - Forecast for 2025-09-14:
2025-09-13 15:39:06,801 - INFO -    QV2M: 20.7696
2025-09-13 15:39:06,801 - INFO -    GWETROOT: 0.8860
2025-09-13 15:39:06,801 - INFO - [SUCCESS] Daily forecast completed successfully!
